<?xml version="1.0" encoding="UTF-8"?>
<!-- Generated by org.testng.reporters.JUnitXMLReporter -->
<testsuite ignored="0" hostname="Lenovo-PC" failures="2" tests="4" name="navigation page" time="0.141" errors="0" timestamp="2020-05-23T22:35:10 IST">
  <testcase classname="basicscript.Validation" name="@BeforeTest initialize" time="0.016">
    <failure type="java.io.FileNotFoundException" message="C:\Users\Mohan\Project\Project\src\main\java\resources\datas.properties (The system cannot find the path specified)">
      <![CDATA[java.io.FileNotFoundException: C:\Users\Mohan\Project\Project\src\main\java\resources\datas.properties (The system cannot find the path specified)
at java.base/java.io.FileInputStream.open0(Native Method)
at java.base/java.io.FileInputStream.open(FileInputStream.java:213)
at java.base/java.io.FileInputStream.<init>(FileInputStream.java:155)
at java.base/java.io.FileInputStream.<init>(FileInputStream.java:110)
at resources.base.initializeDriver(base.java:21)
at basicscript.Validation.initialize(Validation.java:16)
at java.base/java.util.concurrent.FutureTask.run(FutureTask.java:264)
at java.base/java.util.concurrent.ThreadPoolExecutor.runWorker(ThreadPoolExecutor.java:1128)
at java.base/java.util.concurrent.ThreadPoolExecutor$Worker.run(ThreadPoolExecutor.java:628)
at java.base/java.lang.Thread.run(Thread.java:830)
... Removed 15 stack frames]]>
    </failure>
  </testcase> <!-- @BeforeTest initialize -->
  <testcase classname="basicscript.Validation" name="@AfterTest teardown" time="-1.590253509784E9">
    <skipped/>
  </testcase> <!-- @AfterTest teardown -->
  <testcase classname="basicscript.Validation" name="basepagenavigate" time="0.0">
    <skipped/>
  </testcase> <!-- basepagenavigate -->
  <testcase classname="basicscript.navigation" name="basepagenavigate" time="0.0">
    <skipped/>
  </testcase> <!-- basepagenavigate -->
  <testcase classname="basicscript.homepage" name="basepagenavigate" time="0.016">
    <failure type="java.io.FileNotFoundException" message="C:\Users\Mohan\Project\Project\src\main\java\resources\datas.properties (The system cannot find the path specified)">
      <![CDATA[java.io.FileNotFoundException: C:\Users\Mohan\Project\Project\src\main\java\resources\datas.properties (The system cannot find the path specified)
at java.base/java.io.FileInputStream.open0(Native Method)
at java.base/java.io.FileInputStream.open(FileInputStream.java:213)
at java.base/java.io.FileInputStream.<init>(FileInputStream.java:155)
at java.base/java.io.FileInputStream.<init>(FileInputStream.java:110)
at resources.base.initializeDriver(base.java:21)
at basicscript.homepage.basepagenavigate(homepage.java:24)
at java.base/java.util.ArrayList.forEach(ArrayList.java:1507)
at java.base/java.util.concurrent.FutureTask.run(FutureTask.java:264)
at java.base/java.util.concurrent.ThreadPoolExecutor.runWorker(ThreadPoolExecutor.java:1128)
at java.base/java.util.concurrent.ThreadPoolExecutor$Worker.run(ThreadPoolExecutor.java:628)
at java.base/java.lang.Thread.run(Thread.java:830)
... Removed 18 stack frames]]>
    </failure>
  </testcase> <!-- basepagenavigate -->
  <testcase classname="basicscript.homepage" name="basepagenavigate" time="0.016">
    <failure type="java.io.FileNotFoundException" message="C:\Users\Mohan\Project\Project\src\main\java\resources\datas.properties (The system cannot find the path specified)">
      <![CDATA[java.io.FileNotFoundException: C:\Users\Mohan\Project\Project\src\main\java\resources\datas.properties (The system cannot find the path specified)
at java.base/java.io.FileInputStream.open0(Native Method)
at java.base/java.io.FileInputStream.open(FileInputStream.java:213)
at java.base/java.io.FileInputStream.<init>(FileInputStream.java:155)
at java.base/java.io.FileInputStream.<init>(FileInputStream.java:110)
at resources.base.initializeDriver(base.java:21)
at basicscript.homepage.basepagenavigate(homepage.java:24)
at java.base/java.util.ArrayList.forEach(ArrayList.java:1507)
at java.base/java.util.concurrent.FutureTask.run(FutureTask.java:264)
at java.base/java.util.concurrent.ThreadPoolExecutor.runWorker(ThreadPoolExecutor.java:1128)
at java.base/java.util.concurrent.ThreadPoolExecutor$Worker.run(ThreadPoolExecutor.java:628)
at java.base/java.lang.Thread.run(Thread.java:830)
... Removed 18 stack frames]]>
    </failure>
  </testcase> <!-- basepagenavigate -->
</testsuite> <!-- navigation page -->
